Using pre-set license
Built from '2020.3/staging' branch; Version is '2020.3.23f1 (c5d91304a876) revision 12966163'; Using compiler version '192528614'; Build Type 'Release'
OS: 'Windows 10 Pro; OS build 19042.1348; Version 2009; 64bit' Language: 'ja' Physical Memory: 16220 MB
BatchMode: 1, IsHumanControllingUs: 0, StartBugReporterOnCrash: 0, Is64bit: 1, IsPro: 0

COMMAND LINE ARGUMENTS:
C:\Program Files\Unity\Hub\Editor\2020.3.23f1\Editor\Unity.exe
-adb2
-batchMode
-noUpm
-name
AssetImportWorker0
-projectPath
C:/Users/maya1/OneDrive/ドキュメント/slimeTamashi
-logFile
Logs/AssetImportWorker0.log
-srvPort
52722
Successfully changed project path to: C:/Users/maya1/OneDrive/ドキュメント/slimeTamashi
C:/Users/maya1/OneDrive/ドキュメント/slimeTamashi
Using Asset Import Pipeline V2.
Refreshing native plugins compatible for Editor in 92.83 ms, found 2 plugins.
Preloading 0 native plugins for Editor in 0.00 ms.
Initialize engine version: 2020.3.23f1 (c5d91304a876)
[Subsystems] Discovering subsystems at path C:/Program Files/Unity/Hub/Editor/2020.3.23f1/Editor/Data/Resources/UnitySubsystems
[Subsystems] Discovering subsystems at path C:/Users/maya1/OneDrive/ドキュメント/slimeTamashi/Assets
GfxDevice: creating device client; threaded=0
Direct3D:
    Version:  Direct3D 11.0 [level 11.1]
    Renderer: Intel(R) UHD Graphics 630 (ID=0x3e98)
    Vendor:   
    VRAM:     8110 MB
    Driver:   27.20.100.8853
Initialize mono
Mono path[0] = 'C:/Program Files/Unity/Hub/Editor/2020.3.23f1/Editor/Data/Managed'
Mono path[1] = 'C:/Program Files/Unity/Hub/Editor/2020.3.23f1/Editor/Data/MonoBleedingEdge/lib/mono/unityjit'
Mono config path = 'C:/Program Files/Unity/Hub/Editor/2020.3.23f1/Editor/Data/MonoBleedingEdge/etc'
Using monoOptions --debugger-agent=transport=dt_socket,embedding=1,server=y,suspend=n,address=127.0.0.1:56016
Begin MonoManager ReloadAssembly
Registering precompiled unity dll's ...
Register platform support module: C:/Program Files/Unity/Hub/Editor/2020.3.23f1/Editor/Data/PlaybackEngines/WindowsStandaloneSupport/UnityEditor.WindowsStandalone.Extensions.dll
Registered in 0.005427 seconds.
Native extension for WindowsStandalone target not found
Refreshing native plugins compatible for Editor in 135.09 ms, found 2 plugins.
Preloading 0 native plugins for Editor in 0.00 ms.
Mono: successfully reloaded assembly
- Completed reload, in  2.502 seconds
Domain Reload Profiling:
	ReloadAssembly (2503ms)
		BeginReloadAssembly (340ms)
			ExecutionOrderSort (0ms)
			DisableScriptedObjects (0ms)
			BackupInstance (0ms)
			ReleaseScriptingObjects (0ms)
			CreateAndSetChildDomain (6ms)
		EndReloadAssembly (1800ms)
			LoadAssemblies (334ms)
			RebuildTransferFunctionScriptingTraits (0ms)
			SetupTypeCache (573ms)
			ReleaseScriptCaches (0ms)
			RebuildScriptCaches (119ms)
			SetupLoadedEditorAssemblies (571ms)
				LogAssemblyErrors (0ms)
				InitializePlatformSupportModulesInManaged (18ms)
				SetLoadedEditorAssemblies (2ms)
				RefreshPlugins (135ms)
				BeforeProcessingInitializeOnLoad (110ms)
				ProcessInitializeOnLoadAttributes (237ms)
				ProcessInitializeOnLoadMethodAttributes (68ms)
				AfterProcessingInitializeOnLoad (0ms)
				EditorAssembliesLoaded (1ms)
			ExecutionOrderSort2 (0ms)
			AwakeInstancesAfterBackupRestoration (0ms)
Platform modules already initialized, skipping
Registering precompiled user dll's ...
Registered in 0.008927 seconds.
Begin MonoManager ReloadAssembly
Native extension for WindowsStandalone target not found
Refreshing native plugins compatible for Editor in 5.01 ms, found 2 plugins.
Preloading 0 native plugins for Editor in 0.00 ms.
Mono: successfully reloaded assembly
- Completed reload, in  2.480 seconds
Domain Reload Profiling:
	ReloadAssembly (2483ms)
		BeginReloadAssembly (354ms)
			ExecutionOrderSort (0ms)
			DisableScriptedObjects (9ms)
			BackupInstance (0ms)
			ReleaseScriptingObjects (0ms)
			CreateAndSetChildDomain (42ms)
		EndReloadAssembly (2000ms)
			LoadAssemblies (244ms)
			RebuildTransferFunctionScriptingTraits (0ms)
			SetupTypeCache (770ms)
			ReleaseScriptCaches (3ms)
			RebuildScriptCaches (127ms)
			SetupLoadedEditorAssemblies (698ms)
				LogAssemblyErrors (0ms)
				InitializePlatformSupportModulesInManaged (14ms)
				SetLoadedEditorAssemblies (2ms)
				RefreshPlugins (5ms)
				BeforeProcessingInitializeOnLoad (162ms)
				ProcessInitializeOnLoadAttributes (481ms)
				ProcessInitializeOnLoadMethodAttributes (23ms)
				AfterProcessingInitializeOnLoad (11ms)
				EditorAssembliesLoaded (0ms)
			ExecutionOrderSort2 (0ms)
			AwakeInstancesAfterBackupRestoration (27ms)
Platform modules already initialized, skipping
========================================================================
Worker process is ready to serve import requests
Launched and connected shader compiler UnityShaderCompiler.exe after 0.19 seconds
Refreshing native plugins compatible for Editor in 0.60 ms, found 2 plugins.
Preloading 0 native plugins for Editor in 0.00 ms.
Unloading 1498 Unused Serialized files (Serialized files now loaded: 0)
System memory in use before: 70.1 MB.
System memory in use after: 70.1 MB.

Unloading 19 unused Assets to reduce memory usage. Loaded Objects now: 1930.
Total: 8.372300 ms (FindLiveObjects: 0.221800 ms CreateObjectMapping: 0.072200 ms MarkObjects: 6.379000 ms  DeleteObjects: 1.695600 ms)

AssetImportParameters requested are different than current active one (requested -> active):
  custom:framework-win-MediaFoundation: 216162199b28c13a410421893ffa2e32 -> 
  custom:video-decoder-ogg-theora: a1e56fd34408186e4bbccfd4996cb3dc -> 
  custom:container-muxer-webm: aa71ff27fc2769a1b78a27578f13a17b -> 
  custom:container-demuxer-webm: 4f35f7cbe854078d1ac9338744f61a02 -> 
  custom:container-demuxer-ogg: 62fdf1f143b41e24485cea50d1cbac27 -> 
  custom:video-encoder-webm-vp8: eb34c28f22e8b96e1ab97ce403110664 -> 
  custom:video-decoder-webm-vp8: 9c59270c3fd7afecdb556c50c9e8de78 -> 
  custom:audio-decoder-ogg-vorbis: bf7c407c2cedff20999df2af8eb42d56 -> 
  custom:audio-encoder-webm-vorbis: bf7c407c2cedff20999df2af8eb42d56 -> 
========================================================================
Received Import Request.
  path: Assets/Scenes
  artifactKey: Guid(285e9245280b8994b94452bbeeeadef2) Importer(815301076,1909f56bfc062723c751e8b465ee728b)
Start importing Assets/Scenes using Guid(285e9245280b8994b94452bbeeeadef2) Importer(815301076,1909f56bfc062723c751e8b465ee728b)  -> (artifact id: '53d88e90d60884a111cc7b500b7456e3') in 0.019763 seconds 
  Import took 0.031914 seconds .

========================================================================
Received Prepare
Registering precompiled user dll's ...
Registered in 0.017669 seconds.
Begin MonoManager ReloadAssembly
Native extension for WindowsStandalone target not found
Refreshing native plugins compatible for Editor in 1.26 ms, found 2 plugins.
Preloading 0 native plugins for Editor in 0.00 ms.
Mono: successfully reloaded assembly
- Completed reload, in  2.155 seconds
Domain Reload Profiling:
	ReloadAssembly (2155ms)
		BeginReloadAssembly (291ms)
			ExecutionOrderSort (0ms)
			DisableScriptedObjects (20ms)
			BackupInstance (0ms)
			ReleaseScriptingObjects (0ms)
			CreateAndSetChildDomain (101ms)
		EndReloadAssembly (1734ms)
			LoadAssemblies (360ms)
			RebuildTransferFunctionScriptingTraits (0ms)
			SetupTypeCache (601ms)
			ReleaseScriptCaches (4ms)
			RebuildScriptCaches (75ms)
			SetupLoadedEditorAssemblies (558ms)
				LogAssemblyErrors (0ms)
				InitializePlatformSupportModulesInManaged (8ms)
				SetLoadedEditorAssemblies (1ms)
				RefreshPlugins (1ms)
				BeforeProcessingInitializeOnLoad (135ms)
				ProcessInitializeOnLoadAttributes (380ms)
				ProcessInitializeOnLoadMethodAttributes (19ms)
				AfterProcessingInitializeOnLoad (13ms)
				EditorAssembliesLoaded (0ms)
			ExecutionOrderSort2 (0ms)
			AwakeInstancesAfterBackupRestoration (17ms)
Platform modules already initialized, skipping
Refreshing native plugins compatible for Editor in 0.49 ms, found 2 plugins.
Preloading 0 native plugins for Editor in 0.00 ms.
Unloading 1493 Unused Serialized files (Serialized files now loaded: 0)
System memory in use before: 70.0 MB.
System memory in use after: 70.1 MB.

Unloading 14 unused Assets to reduce memory usage. Loaded Objects now: 1933.
Total: 5.368300 ms (FindLiveObjects: 0.570000 ms CreateObjectMapping: 0.161600 ms MarkObjects: 4.581000 ms  DeleteObjects: 0.051000 ms)

AssetImportParameters requested are different than current active one (requested -> active):
  custom:framework-win-MediaFoundation: 216162199b28c13a410421893ffa2e32 -> 
  custom:video-decoder-ogg-theora: a1e56fd34408186e4bbccfd4996cb3dc -> 
  custom:container-muxer-webm: aa71ff27fc2769a1b78a27578f13a17b -> 
  custom:container-demuxer-webm: 4f35f7cbe854078d1ac9338744f61a02 -> 
  custom:container-demuxer-ogg: 62fdf1f143b41e24485cea50d1cbac27 -> 
  custom:video-encoder-webm-vp8: eb34c28f22e8b96e1ab97ce403110664 -> 
  custom:video-decoder-webm-vp8: 9c59270c3fd7afecdb556c50c9e8de78 -> 
  custom:audio-decoder-ogg-vorbis: bf7c407c2cedff20999df2af8eb42d56 -> 
  custom:audio-encoder-webm-vorbis: bf7c407c2cedff20999df2af8eb42d56 -> 
========================================================================
Received Import Request.
  Time since last request: 44.837184 seconds.
  path: Assets/amusedART
  artifactKey: Guid(e0d75711aff5d004f8bc1b5127fa93bd) Importer(815301076,1909f56bfc062723c751e8b465ee728b)
Start importing Assets/amusedART using Guid(e0d75711aff5d004f8bc1b5127fa93bd) Importer(815301076,1909f56bfc062723c751e8b465ee728b)  -> (artifact id: '987b3dc383c9abb4134515e23a2c0da1') in 0.022080 seconds 
  Import took 0.028826 seconds .

========================================================================
Received Import Request.
  Time since last request: 1.079809 seconds.
  path: Assets/amusedART/SlimeRabbit
  artifactKey: Guid(63a4a7d158f91334e9eb8175ed7dfa1a) Importer(815301076,1909f56bfc062723c751e8b465ee728b)
Start importing Assets/amusedART/SlimeRabbit using Guid(63a4a7d158f91334e9eb8175ed7dfa1a) Importer(815301076,1909f56bfc062723c751e8b465ee728b)  -> (artifact id: 'fb09e6a498171c1d915f2adac7b1e6d4') in 0.006305 seconds 
  Import took 0.012826 seconds .

========================================================================
Received Import Request.
  Time since last request: 0.087592 seconds.
  path: Assets/amusedART/SlimeRabbit/SlimeRabbit_Damage.FBX
  artifactKey: Guid(74eb7822d82963b4780918aa147dacdd) Importer(815301076,1909f56bfc062723c751e8b465ee728b)
Start importing Assets/amusedART/SlimeRabbit/SlimeRabbit_Damage.FBX using Guid(74eb7822d82963b4780918aa147dacdd) Importer(815301076,1909f56bfc062723c751e8b465ee728b)  -> (artifact id: '23bcbb40eba8ea45d9fc2b70fc683a52') in 0.990061 seconds 
  Import took 1.001615 seconds .

========================================================================
Received Import Request.
  Time since last request: 0.000739 seconds.
  path: Assets/amusedART/SlimeRabbit/SlimeRabbit_Move.FBX
  artifactKey: Guid(9da35ce1ba363d646b57fe087934c6aa) Importer(815301076,1909f56bfc062723c751e8b465ee728b)
Start importing Assets/amusedART/SlimeRabbit/SlimeRabbit_Move.FBX using Guid(9da35ce1ba363d646b57fe087934c6aa) Importer(815301076,1909f56bfc062723c751e8b465ee728b)  -> (artifact id: 'cfc61759616927d7916e49b3364d131e') in 0.058299 seconds 
  Import took 0.064930 seconds .

========================================================================
Received Import Request.
  Time since last request: 0.000422 seconds.
  path: Assets/amusedART/SlimeRabbit/SlimeRabbit_Map_00.PNG
  artifactKey: Guid(115f3048fc8a0064fb5ed736a9e0483f) Importer(815301076,1909f56bfc062723c751e8b465ee728b)
Start importing Assets/amusedART/SlimeRabbit/SlimeRabbit_Map_00.PNG using Guid(115f3048fc8a0064fb5ed736a9e0483f) Importer(815301076,1909f56bfc062723c751e8b465ee728b)  -> (artifact id: '4f777be35ca5d91e4ca0391669cb3d3c') in 0.068429 seconds 
  Import took 0.073172 seconds .

========================================================================
Received Import Request.
  Time since last request: 0.000843 seconds.
  path: Assets/amusedART/SlimeRabbit/SlimeRabbit_Death.FBX
  artifactKey: Guid(0c99ca68b0ef39342901aa49e132a107) Importer(815301076,1909f56bfc062723c751e8b465ee728b)
Start importing Assets/amusedART/SlimeRabbit/SlimeRabbit_Death.FBX using Guid(0c99ca68b0ef39342901aa49e132a107) Importer(815301076,1909f56bfc062723c751e8b465ee728b)  -> (artifact id: '22e83c42389842d54dd476ac304b1365') in 0.060831 seconds 
  Import took 0.067118 seconds .

========================================================================
Received Import Request.
  Time since last request: 0.000351 seconds.
  path: Assets/amusedART/SlimeRabbit/SlimeRabbit_Idle.FBX
  artifactKey: Guid(506ab9ed9fe71614d9002e37dd530c3e) Importer(815301076,1909f56bfc062723c751e8b465ee728b)
Start importing Assets/amusedART/SlimeRabbit/SlimeRabbit_Idle.FBX using Guid(506ab9ed9fe71614d9002e37dd530c3e) Importer(815301076,1909f56bfc062723c751e8b465ee728b)  -> (artifact id: '16260ba38d525bd35a79ce9e01732a4f') in 0.081326 seconds 
  Import took 0.085882 seconds .

========================================================================
Received Import Request.
  Time since last request: 0.000430 seconds.
  path: Assets/amusedART/SlimeRabbit/Prefab/SlimeRabbit_Prefab.prefab
  artifactKey: Guid(57d78de69bcaf8a4e969c0c3350b859b) Importer(815301076,1909f56bfc062723c751e8b465ee728b)
Start importing Assets/amusedART/SlimeRabbit/Prefab/SlimeRabbit_Prefab.prefab using Guid(57d78de69bcaf8a4e969c0c3350b859b) Importer(815301076,1909f56bfc062723c751e8b465ee728b)  -> (artifact id: '4f315443304ac2eb3bd9c895a2491f88') in 0.206944 seconds 
  Import took 0.212147 seconds .

========================================================================
Received Import Request.
  Time since last request: 0.000566 seconds.
  path: Assets/amusedART/SlimeRabbit/Prefab
  artifactKey: Guid(c1ae3003deae6ee40a60017913d3e108) Importer(815301076,1909f56bfc062723c751e8b465ee728b)
Start importing Assets/amusedART/SlimeRabbit/Prefab using Guid(c1ae3003deae6ee40a60017913d3e108) Importer(815301076,1909f56bfc062723c751e8b465ee728b)  -> (artifact id: '395646e06adb8e4cf0780df461f0d0f3') in 0.010020 seconds 
  Import took 0.022307 seconds .

